Build started 16/06/2015 00:00:32.
     1>Project "C:\Users\James\Desktop\ProjectRepository\Design-Development-and-Test-files\Development\Phase-one\OpenGL\-RCube\OpenGL\OpenGL\OpenGL.vcxproj" on node 2 (Build target(s)).
     1>ClCompile:
         C:\Program Files\Microsoft Visual Studio 11.0\VC\bin\CL.exe /c /I"C:\Users\James\Desktop\ProjectRepository\Design-Development-and-Test-files\Development\Phase-one\OpenGL\-RCube\OpenGL\OpenGL\..\..\..\drivers\freeglut\include\GL" /I"C:\Users\James\Desktop\ProjectRepository\Design-Development-and-Test-files\Development\Phase-one\OpenGL\-RCube\OpenGL\OpenGL\..\..\..\drivers\glm" /I"C:\Users\James\Desktop\ProjectRepository\Design-Development-and-Test-files\Development\Phase-one\OpenGL\-RCube\OpenGL\OpenGL\..\..\..\drivers\glew-1.11.0\include\GL" /ZI /nologo /W3 /WX- /sdl /Od /Oy- /D _MBCS /Gm /EHsc /RTC1 /MDd /GS /fp:precise /Zc:wchar_t /Zc:forScope /Fo"Debug\Temp\\" /Fd"Debug\Temp\vc110.pdb" /Gd /TP /analyze- /errorReport:prompt main.cpp
         main.cpp
     1>c:\users\james\desktop\projectrepository\design-development-and-test-files\development\phase-one\opengl\-rcube\opengl\opengl\main.cpp(84): warning C4305: 'initializing' : truncation from 'double' to 'GLfloat'
     1>c:\users\james\desktop\projectrepository\design-development-and-test-files\development\phase-one\opengl\-rcube\opengl\opengl\main.cpp(85): warning C4305: 'initializing' : truncation from 'double' to 'GLfloat'
     1>c:\users\james\desktop\projectrepository\design-development-and-test-files\development\phase-one\opengl\-rcube\opengl\opengl\main.cpp(86): warning C4305: 'initializing' : truncation from 'double' to 'GLfloat'
     1>c:\users\james\desktop\projectrepository\design-development-and-test-files\development\phase-one\opengl\-rcube\opengl\opengl\main.cpp(108): error C2065: 'vbo_triangle' : undeclared identifier
     1>Done Building Project "C:\Users\James\Desktop\ProjectRepository\Design-Development-and-Test-files\Development\Phase-one\OpenGL\-RCube\OpenGL\OpenGL\OpenGL.vcxproj" (Build target(s)) -- FAILED.

Build FAILED.

Time Elapsed 00:00:11.89
